mode: set
_/Users/zaneli/ws/dojo1/kadai2/zaneli/image-converter/converter/convert.go:9.55,11.16 2 1
_/Users/zaneli/ws/dojo1/kadai2/zaneli/image-converter/converter/convert.go:14.2,17.16 3 1
_/Users/zaneli/ws/dojo1/kadai2/zaneli/image-converter/converter/convert.go:20.2,20.19 1 1
_/Users/zaneli/ws/dojo1/kadai2/zaneli/image-converter/converter/convert.go:24.2,24.47 1 1
_/Users/zaneli/ws/dojo1/kadai2/zaneli/image-converter/converter/convert.go:11.16,13.3 1 0
_/Users/zaneli/ws/dojo1/kadai2/zaneli/image-converter/converter/convert.go:17.16,19.3 1 0
_/Users/zaneli/ws/dojo1/kadai2/zaneli/image-converter/converter/convert.go:20.19,22.3 1 0
_/Users/zaneli/ws/dojo1/kadai2/zaneli/image-converter/converter/convert.go:27.45,28.62 1 1
_/Users/zaneli/ws/dojo1/kadai2/zaneli/image-converter/converter/convert.go:28.62,29.17 1 1
_/Users/zaneli/ws/dojo1/kadai2/zaneli/image-converter/converter/convert.go:32.3,32.19 1 1
_/Users/zaneli/ws/dojo1/kadai2/zaneli/image-converter/converter/convert.go:36.3,37.17 2 1
_/Users/zaneli/ws/dojo1/kadai2/zaneli/image-converter/converter/convert.go:40.3,43.17 3 1
_/Users/zaneli/ws/dojo1/kadai2/zaneli/image-converter/converter/convert.go:47.3,48.17 2 1
_/Users/zaneli/ws/dojo1/kadai2/zaneli/image-converter/converter/convert.go:51.3,54.17 3 1
_/Users/zaneli/ws/dojo1/kadai2/zaneli/image-converter/converter/convert.go:57.3,57.13 1 1
_/Users/zaneli/ws/dojo1/kadai2/zaneli/image-converter/converter/convert.go:29.17,31.4 1 0
_/Users/zaneli/ws/dojo1/kadai2/zaneli/image-converter/converter/convert.go:32.19,34.4 1 1
_/Users/zaneli/ws/dojo1/kadai2/zaneli/image-converter/converter/convert.go:37.17,39.4 1 0
_/Users/zaneli/ws/dojo1/kadai2/zaneli/image-converter/converter/convert.go:43.17,45.4 1 1
_/Users/zaneli/ws/dojo1/kadai2/zaneli/image-converter/converter/convert.go:48.17,50.4 1 0
_/Users/zaneli/ws/dojo1/kadai2/zaneli/image-converter/converter/convert.go:54.17,56.4 1 1
_/Users/zaneli/ws/dojo1/kadai2/zaneli/image-converter/converter/converter.go:18.58,20.2 1 1
_/Users/zaneli/ws/dojo1/kadai2/zaneli/image-converter/converter/converter.go:23.48,25.2 1 1
_/Users/zaneli/ws/dojo1/kadai2/zaneli/image-converter/converter/converter.go:28.56,30.16 2 1
_/Users/zaneli/ws/dojo1/kadai2/zaneli/image-converter/converter/converter.go:34.2,35.16 2 1
_/Users/zaneli/ws/dojo1/kadai2/zaneli/image-converter/converter/converter.go:39.2,39.24 1 1
_/Users/zaneli/ws/dojo1/kadai2/zaneli/image-converter/converter/converter.go:43.2,43.34 1 1
_/Users/zaneli/ws/dojo1/kadai2/zaneli/image-converter/converter/converter.go:30.16,32.3 1 1
_/Users/zaneli/ws/dojo1/kadai2/zaneli/image-converter/converter/converter.go:35.16,37.3 1 1
_/Users/zaneli/ws/dojo1/kadai2/zaneli/image-converter/converter/converter.go:39.24,41.3 1 1
_/Users/zaneli/ws/dojo1/kadai2/zaneli/image-converter/converter/decoder.go:20.49,21.33 1 1
_/Users/zaneli/ws/dojo1/kadai2/zaneli/image-converter/converter/decoder.go:22.13,23.28 1 1
_/Users/zaneli/ws/dojo1/kadai2/zaneli/image-converter/converter/decoder.go:24.21,25.28 1 1
_/Users/zaneli/ws/dojo1/kadai2/zaneli/image-converter/converter/decoder.go:26.13,27.28 1 1
_/Users/zaneli/ws/dojo1/kadai2/zaneli/image-converter/converter/decoder.go:28.10,29.67 1 1
_/Users/zaneli/ws/dojo1/kadai2/zaneli/image-converter/converter/decoder.go:35.63,37.2 1 1
_/Users/zaneli/ws/dojo1/kadai2/zaneli/image-converter/converter/decoder.go:39.35,41.2 1 1
_/Users/zaneli/ws/dojo1/kadai2/zaneli/image-converter/converter/decoder.go:45.63,47.2 1 1
_/Users/zaneli/ws/dojo1/kadai2/zaneli/image-converter/converter/decoder.go:49.35,51.2 1 1
_/Users/zaneli/ws/dojo1/kadai2/zaneli/image-converter/converter/decoder.go:55.63,57.2 1 1
_/Users/zaneli/ws/dojo1/kadai2/zaneli/image-converter/converter/decoder.go:59.35,61.2 1 1
_/Users/zaneli/ws/dojo1/kadai2/zaneli/image-converter/converter/encoder.go:20.49,21.33 1 1
_/Users/zaneli/ws/dojo1/kadai2/zaneli/image-converter/converter/encoder.go:22.13,23.28 1 1
_/Users/zaneli/ws/dojo1/kadai2/zaneli/image-converter/converter/encoder.go:24.21,25.28 1 1
_/Users/zaneli/ws/dojo1/kadai2/zaneli/image-converter/converter/encoder.go:26.13,27.28 1 1
_/Users/zaneli/ws/dojo1/kadai2/zaneli/image-converter/converter/encoder.go:28.10,29.67 1 1
_/Users/zaneli/ws/dojo1/kadai2/zaneli/image-converter/converter/encoder.go:35.63,37.2 1 1
_/Users/zaneli/ws/dojo1/kadai2/zaneli/image-converter/converter/encoder.go:39.35,41.2 1 1
_/Users/zaneli/ws/dojo1/kadai2/zaneli/image-converter/converter/encoder.go:45.63,47.2 1 1
_/Users/zaneli/ws/dojo1/kadai2/zaneli/image-converter/converter/encoder.go:49.35,51.2 1 1
_/Users/zaneli/ws/dojo1/kadai2/zaneli/image-converter/converter/encoder.go:55.63,57.2 1 1
_/Users/zaneli/ws/dojo1/kadai2/zaneli/image-converter/converter/encoder.go:59.35,61.2 1 1
